<?xml version="1.0" encoding="UTF-8"?>
<!-- Generated by org.testng.reporters.JUnitReportReporter -->
<testsuite hostname="LAPTOP-QFO71BU4" failures="0" tests="1" name="com.learnautomation.Testcases.LoginTestCRM" time="2.389" errors="0" timestamp="2022-05-01T18:08:34 IST" skipped="0">
  <testcase classname="com.learnautomation.Testcases.LoginTestCRM" name="Login" time="2.389"/>
  <system-out/>
</testsuite> <!-- com.learnautomation.Testcases.LoginTestCRM -->
